Using pre-set license
Built from '2021.3/staging' branch; Version is '2021.3.16f1 (4016570cf34f) revision 4200023'; Using compiler version '192829333'; Build Type 'Release'
OS: 'Windows 11  (10.0.22621) 64bit Core' Language: 'en' Physical Memory: 15791 MB
BatchMode: 1, IsHumanControllingUs: 0, StartBugReporterOnCrash: 0, Is64bit: 1, IsPro: 1

COMMAND LINE ARGUMENTS:
C:\Program Files\Unity\Hub\Editor\2021.3.16f1\Editor\Unity.exe
-adb2
-batchMode
-noUpm
-name
AssetImportWorker0
-projectPath
D:/Hyper Island/Industry Simulation/FlowTroPolis/flowtropolis_group2
-logFile
Logs/AssetImportWorker0.log
-srvPort
61574
Successfully changed project path to: D:/Hyper Island/Industry Simulation/FlowTroPolis/flowtropolis_group2
D:/Hyper Island/Industry Simulation/FlowTroPolis/flowtropolis_group2
[UnityMemory] Configuration Parameters - Can be set up in boot.config
    "memorysetup-bucket-allocator-granularity=16"
    "memorysetup-bucket-allocator-bucket-count=8"
    "memorysetup-bucket-allocator-block-size=33554432"
    "memorysetup-bucket-allocator-block-count=8"
    "memorysetup-main-allocator-block-size=16777216"
    "memorysetup-thread-allocator-block-size=16777216"
    "memorysetup-gfx-main-allocator-block-size=16777216"
    "memorysetup-gfx-thread-allocator-block-size=16777216"
    "memorysetup-cache-allocator-block-size=4194304"
    "memorysetup-typetree-allocator-block-size=2097152"
    "memorysetup-profiler-bucket-allocator-granularity=16"
    "memorysetup-profiler-bucket-allocator-bucket-count=8"
    "memorysetup-profiler-bucket-allocator-block-size=33554432"
    "memorysetup-profiler-bucket-allocator-block-count=8"
    "memorysetup-profiler-allocator-block-size=16777216"
    "memorysetup-profiler-editor-allocator-block-size=1048576"
    "memorysetup-temp-allocator-size-main=16777216"
    "memorysetup-job-temp-allocator-block-size=2097152"
    "memorysetup-job-temp-allocator-block-size-background=1048576"
    "memorysetup-job-temp-allocator-reduction-small-platforms=262144"
    "memorysetup-temp-allocator-size-background-worker=32768"
    "memorysetup-temp-allocator-size-job-worker=262144"
    "memorysetup-temp-allocator-size-preload-manager=33554432"
    "memorysetup-temp-allocator-size-nav-mesh-worker=65536"
    "memorysetup-temp-allocator-size-audio-worker=65536"
    "memorysetup-temp-allocator-size-cloud-worker=32768"
    "memorysetup-temp-allocator-size-gi-baking-worker=262144"
    "memorysetup-temp-allocator-size-gfx=262144"
Player connection [29492] Host "[IP] 192.168.1.153 [Port] 0 [Flags] 2 [Guid] 425145365 [EditorId] 425145365 [Version] 1048832 [Id] WindowsEditor(7,Zuhaib) [Debug] 1 [PackageName] WindowsEditor [ProjectName] Editor" joined multi-casting on [225.0.0.222:54997]...

Player connection [29492] Host "[IP] 192.168.1.153 [Port] 0 [Flags] 2 [Guid] 425145365 [EditorId] 425145365 [Version] 1048832 [Id] WindowsEditor(7,Zuhaib) [Debug] 1 [PackageName] WindowsEditor [ProjectName] Editor" joined alternative multi-casting on [225.0.0.222:34997]...

Refreshing native plugins compatible for Editor in 103.91 ms, found 13 plugins.
Preloading 1 native plugins for Editor in 0.68 ms.
Initialize engine version: 2021.3.16f1 (4016570cf34f)
[Subsystems] Discovering subsystems at path C:/Program Files/Unity/Hub/Editor/2021.3.16f1/Editor/Data/Resources/UnitySubsystems
[Subsystems] Discovering subsystems at path D:/Hyper Island/Industry Simulation/FlowTroPolis/flowtropolis_group2/Assets
GfxDevice: creating device client; threaded=0; jobified=0
Direct3D:
    Version:  Direct3D 11.0 [level 11.1]
    Renderer: NVIDIA GeForce RTX 3070 Laptop GPU (ID=0x249d)
    Vendor:   NVIDIA
    VRAM:     8033 MB
    Driver:   31.0.15.2824
Initialize mono
Mono path[0] = 'C:/Program Files/Unity/Hub/Editor/2021.3.16f1/Editor/Data/Managed'
Mono path[1] = 'C:/Program Files/Unity/Hub/Editor/2021.3.16f1/Editor/Data/MonoBleedingEdge/lib/mono/unityjit-win32'
Mono config path = 'C:/Program Files/Unity/Hub/Editor/2021.3.16f1/Editor/Data/MonoBleedingEdge/etc'
Using monoOptions --debugger-agent=transport=dt_socket,embedding=1,server=y,suspend=n,address=127.0.0.1:56432
Begin MonoManager ReloadAssembly
Registering precompiled unity dll's ...
Register platform support module: C:/Program Files/Unity/Hub/Editor/2021.3.16f1/Editor/Data/PlaybackEngines/AndroidPlayer/UnityEditor.Android.Extensions.dll
Register platform support module: C:/Program Files/Unity/Hub/Editor/2021.3.16f1/Editor/Data/PlaybackEngines/WindowsStandaloneSupport/UnityEditor.WindowsStandalone.Extensions.dll
Registered in 0.008053 seconds.
Native extension for WindowsStandalone target not found
Native extension for Android target not found
Refreshing native plugins compatible for Editor in 87.37 ms, found 13 plugins.
Preloading 1 native plugins for Editor in 0.14 ms.
Mono: successfully reloaded assembly
- Completed reload, in  0.586 seconds
Domain Reload Profiling:
	ReloadAssembly (587ms)
		BeginReloadAssembly (73ms)
			ExecutionOrderSort (0ms)
			DisableScriptedObjects (0ms)
			BackupInstance (0ms)
			ReleaseScriptingObjects (0ms)
			CreateAndSetChildDomain (1ms)
		EndReloadAssembly (413ms)
			LoadAssemblies (71ms)
			RebuildTransferFunctionScriptingTraits (0ms)
			SetupTypeCache (94ms)
			ReleaseScriptCaches (0ms)
			RebuildScriptCaches (21ms)
			SetupLoadedEditorAssemblies (253ms)
				LogAssemblyErrors (0ms)
				InitializePlatformSupportModulesInManaged (47ms)
				SetLoadedEditorAssemblies (0ms)
				RefreshPlugins (88ms)
				BeforeProcessingInitializeOnLoad (1ms)
				ProcessInitializeOnLoadAttributes (80ms)
				ProcessInitializeOnLoadMethodAttributes (37ms)
				AfterProcessingInitializeOnLoad (0ms)
				EditorAssembliesLoaded (0ms)
			ExecutionOrderSort2 (0ms)
			AwakeInstancesAfterBackupRestoration (0ms)
Platform modules already initialized, skipping
Registering precompiled user dll's ...
Registered in 0.012015 seconds.
Begin MonoManager ReloadAssembly
Symbol file LoadedFromMemory doesn't match image D:\Hyper Island\Industry Simulation\FlowTroPolis\flowtropolis_group2\Library\PackageCache\com.unity.visualscripting@1.7.8\Editor\VisualScripting.Core\Dependencies\DotNetZip\Unity.VisualScripting.IonicZip.dll
Symbol file LoadedFromMemory doesn't match image D:\Hyper Island\Industry Simulation\FlowTroPolis\flowtropolis_group2\Library\PackageCache\com.unity.visualscripting@1.7.8\Editor\VisualScripting.Core\Dependencies\YamlDotNet\Unity.VisualScripting.YamlDotNet.dll
Native extension for WindowsStandalone target not found
Native extension for Android target not found
Refreshing native plugins compatible for Editor in 87.44 ms, found 13 plugins.
Preloading 1 native plugins for Editor in 0.05 ms.
Package Manager log level set to [2]
System.Reflection.TargetInvocationException: Exception has been thrown by the target of an invocation. ---> System.NullReferenceException: Object reference not set to an instance of an object
  at Unity.XR.Oculus.OculusLoader.AssetPathToAbsolutePath (System.String assetPath) [0x0003d] in D:\Hyper Island\Industry Simulation\FlowTroPolis\flowtropolis_group2\Library\PackageCache\com.unity.xr.oculus@3.2.3\Runtime\OculusLoader.cs:296 
  at Unity.XR.Oculus.OculusLoader.EditorLoadOVRPlugin () [0x0007b] in D:\Hyper Island\Industry Simulation\FlowTroPolis\flowtropolis_group2\Library\PackageCache\com.unity.xr.oculus@3.2.3\Runtime\OculusLoader.cs:281 
  at (wrapper managed-to-native) System.Reflection.RuntimeMethodInfo.InternalInvoke(System.Reflection.RuntimeMethodInfo,object,object[],System.Exception&)
  at System.Reflection.RuntimeMethodInfo.Invoke (System.Object obj, System.Reflection.BindingFlags invokeAttr, System.Reflection.Binder binder, System.Object[] parameters, System.Globalization.CultureInfo culture) [0x0006a] in <75633565436c42f0a6426b33f0132ade>:0 
   --- End of inner exception stack trace ---
  at System.Reflection.RuntimeMethodInfo.Invoke (System.Object obj, System.Reflection.BindingFlags invokeAttr, System.Reflection.Binder binder, System.Object[] parameters, System.Globalization.CultureInfo culture) [0x00083] in <75633565436c42f0a6426b33f0132ade>:0 
  at System.Reflection.MethodBase.Invoke (System.Object obj, System.Object[] parameters) [0x00000] in <75633565436c42f0a6426b33f0132ade>:0 
  at UnityEditor.EditorAssemblies.ProcessInitializeOnLoadMethodAttributes () [0x000a5] in <11d97693183d4a6bb35c29ae7882c66b>:0 
UnityEngine.StackTraceUtility:ExtractStackTrace ()
UnityEngine.DebugLogHandler:LogFormat (UnityEngine.LogType,UnityEngine.Object,string,object[])
UnityEngine.Logger:Log (UnityEngine.LogType,object)
UnityEngine.Debug:LogError (object)
UnityEditor.EditorAssemblies:ProcessInitializeOnLoadMethodAttributes ()

Mono: successfully reloaded assembly
- Completed reload, in  1.343 seconds
Domain Reload Profiling:
	ReloadAssembly (1343ms)
		BeginReloadAssembly (214ms)
			ExecutionOrderSort (0ms)
			DisableScriptedObjects (5ms)
			BackupInstance (0ms)
			ReleaseScriptingObjects (0ms)
			CreateAndSetChildDomain (126ms)
		EndReloadAssembly (1029ms)
			LoadAssemblies (104ms)
			RebuildTransferFunctionScriptingTraits (0ms)
			SetupTypeCache (249ms)
			ReleaseScriptCaches (1ms)
			RebuildScriptCaches (62ms)
			SetupLoadedEditorAssemblies (582ms)
				LogAssemblyErrors (0ms)
				InitializePlatformSupportModulesInManaged (13ms)
				SetLoadedEditorAssemblies (0ms)
				RefreshPlugins (88ms)
				BeforeProcessingInitializeOnLoad (107ms)
				ProcessInitializeOnLoadAttributes (310ms)
				ProcessInitializeOnLoadMethodAttributes (54ms)
				AfterProcessingInitializeOnLoad (10ms)
				EditorAssembliesLoaded (0ms)
			ExecutionOrderSort2 (0ms)
			AwakeInstancesAfterBackupRestoration (5ms)
Platform modules already initialized, skipping
========================================================================
Worker process is ready to serve import requests
Launched and connected shader compiler UnityShaderCompiler.exe after 0.06 seconds
Refreshing native plugins compatible for Editor in 1.24 ms, found 13 plugins.
Preloading 1 native plugins for Editor in 0.06 ms.
Unloading 4611 Unused Serialized files (Serialized files now loaded: 0)
Unloading 59 unused Assets / (115.7 KB). Loaded Objects now: 5071.
Memory consumption went from 167.6 MB to 167.5 MB.
Total: 4.482800 ms (FindLiveObjects: 0.531000 ms CreateObjectMapping: 0.167200 ms MarkObjects: 3.577800 ms  DeleteObjects: 0.204300 ms)

AssetImportParameters requested are different than current active one (requested -> active):
  custom:video-decoder-ogg-theora: a1e56fd34408186e4bbccfd4996cb3dc -> 
  custom:container-muxer-webm: aa71ff27fc2769a1b78a27578f13a17b -> 
  custom:container-demuxer-webm: 4f35f7cbe854078d1ac9338744f61a02 -> 
  custom:video-encoder-webm-vp8: eb34c28f22e8b96e1ab97ce403110664 -> 
  custom:video-codec-MediaFoundation-h265: 746d11721c4dcdbdad8f713fa42b33f4 -> 
  custom:audio-encoder-webm-vorbis: bf7c407c2cedff20999df2af8eb42d56 -> 
  custom:framework-win-MediaFoundation: 216162199b28c13a410421893ffa2e32 -> 
  custom:container-demuxer-ogg: 62fdf1f143b41e24485cea50d1cbac27 -> 
  custom:video-decoder-webm-vp8: 9c59270c3fd7afecdb556c50c9e8de78 -> 
  custom:audio-decoder-ogg-vorbis: bf7c407c2cedff20999df2af8eb42d56 -> 
========================================================================
Received Import Request.
  Time since last request: 127414.838230 seconds.
  path: Assets/Mine/Models
  artifactKey: Guid(83a5e1691a81dba4b9c3d3ed8bb41b0d) Importer(815301076,1909f56bfc062723c751e8b465ee728b)
Start importing Assets/Mine/Models using Guid(83a5e1691a81dba4b9c3d3ed8bb41b0d) Importer(815301076,1909f56bfc062723c751e8b465ee728b)  -> (artifact id: '54b4f90ceeaf4f8f90cb23425f9bf638') in 0.019858 seconds 
========================================================================
Received Import Request.
  Time since last request: 0.000041 seconds.
  path: Assets/Mine/Models/Rocks/Rock2.fbx
  artifactKey: Guid(53088b9f9e12f6c4e8e65ee5a84d1c5d) Importer(815301076,1909f56bfc062723c751e8b465ee728b)
Start importing Assets/Mine/Models/Rocks/Rock2.fbx using Guid(53088b9f9e12f6c4e8e65ee5a84d1c5d) Importer(815301076,1909f56bfc062723c751e8b465ee728b)  -> (artifact id: '1fdffd2361ef51323e90eea27c931ec8') in 0.180547 seconds 
========================================================================
Received Import Request.
  Time since last request: 0.000036 seconds.
  path: Assets/Mine/Models/Rocks/Rock1.fbx
  artifactKey: Guid(73a471e9087c8114db750e1b4b4c91a1) Importer(815301076,1909f56bfc062723c751e8b465ee728b)
Start importing Assets/Mine/Models/Rocks/Rock1.fbx using Guid(73a471e9087c8114db750e1b4b4c91a1) Importer(815301076,1909f56bfc062723c751e8b465ee728b)  -> (artifact id: 'ca8ebff139a467a2940f1794215de432') in 0.038284 seconds 
========================================================================
Received Import Request.
  Time since last request: 0.000047 seconds.
  path: Assets/Mine/Models/Rocks
  artifactKey: Guid(49781ee8395669748953a973e4915be9) Importer(815301076,1909f56bfc062723c751e8b465ee728b)
Start importing Assets/Mine/Models/Rocks using Guid(49781ee8395669748953a973e4915be9) Importer(815301076,1909f56bfc062723c751e8b465ee728b)  -> (artifact id: '31c9082ce99dcb4ff9e2f701f8c7965f') in 0.012590 seconds 
========================================================================
Received Import Request.
  Time since last request: 0.742076 seconds.
  path: Assets/Mine/Effects
  artifactKey: Guid(34e6a7b8f9716da4887c79d22f2a755a) Importer(815301076,1909f56bfc062723c751e8b465ee728b)
Start importing Assets/Mine/Effects using Guid(34e6a7b8f9716da4887c79d22f2a755a) Importer(815301076,1909f56bfc062723c751e8b465ee728b)  -> (artifact id: '43e310ab51c2972146b313cc543f4f50') in 0.012036 seconds 
========================================================================
Received Import Request.
  Time since last request: 0.071979 seconds.
  path: Assets/Mine/Effects/blue ore reflection.png
  artifactKey: Guid(ae3de8a313f58e84e927bfdb732e850b) Importer(815301076,1909f56bfc062723c751e8b465ee728b)
Start importing Assets/Mine/Effects/blue ore reflection.png using Guid(ae3de8a313f58e84e927bfdb732e850b) Importer(815301076,1909f56bfc062723c751e8b465ee728b)  -> (artifact id: 'd16f5414c1ea9435616830de67a0b311') in 0.087622 seconds 
========================================================================
Received Import Request.
  Time since last request: 0.000063 seconds.
  path: Assets/Mine/Effects/green ore reflection.png
  artifactKey: Guid(894b86a03597a904e8e55831c23ccc3d) Importer(815301076,1909f56bfc062723c751e8b465ee728b)
Start importing Assets/Mine/Effects/green ore reflection.png using Guid(894b86a03597a904e8e55831c23ccc3d) Importer(815301076,1909f56bfc062723c751e8b465ee728b)  -> (artifact id: '789fabe4c336c564637d695380b677f2') in 0.020964 seconds 
========================================================================
Received Import Request.
  Time since last request: 10.163599 seconds.
  path: Assets/Mine/Models/Base/RampUp.fbx
  artifactKey: Guid(426f785430a598746a26494eeef35d53) Importer(815301076,1909f56bfc062723c751e8b465ee728b)
Start importing Assets/Mine/Models/Base/RampUp.fbx using Guid(426f785430a598746a26494eeef35d53) Importer(815301076,1909f56bfc062723c751e8b465ee728b)  -> (artifact id: '1a27a7e098b2329cfa99e79d74782b64') in 0.151618 seconds 
========================================================================
Received Import Request.
  Time since last request: 0.000082 seconds.
  path: Assets/Mine/Models/Base/TurnL.fbx
  artifactKey: Guid(320a826fe9dea3745875c53e962eb757) Importer(815301076,1909f56bfc062723c751e8b465ee728b)
Start importing Assets/Mine/Models/Base/TurnL.fbx using Guid(320a826fe9dea3745875c53e962eb757) Importer(815301076,1909f56bfc062723c751e8b465ee728b)  -> (artifact id: '1d1e834404f7ced3cb60362bad4155e3') in 0.125863 seconds 
========================================================================
Received Import Request.
  Time since last request: 0.000072 seconds.
  path: Assets/Mine/Models/Base/TurnR.fbx
  artifactKey: Guid(113e3211ba5e9ff458562547dda40192) Importer(815301076,1909f56bfc062723c751e8b465ee728b)
Start importing Assets/Mine/Models/Base/TurnR.fbx using Guid(113e3211ba5e9ff458562547dda40192) Importer(815301076,1909f56bfc062723c751e8b465ee728b)  -> (artifact id: '8a4f2678be599b92048e5d0cac9d53e2') in 0.115505 seconds 
========================================================================
Received Import Request.
  Time since last request: 0.024804 seconds.
  path: Assets/Mine/Models/Props/Crate.fbx
  artifactKey: Guid(e99cbbc806612a7439df9a2d7b6cc1e4) Importer(815301076,1909f56bfc062723c751e8b465ee728b)
Start importing Assets/Mine/Models/Props/Crate.fbx using Guid(e99cbbc806612a7439df9a2d7b6cc1e4) Importer(815301076,1909f56bfc062723c751e8b465ee728b)  -> (artifact id: '952ebb7dd185c3da03edb6e541e6c1d4') in 0.042986 seconds 
========================================================================
Received Import Request.
  Time since last request: 0.000036 seconds.
  path: Assets/Mine/Models/Props/Pickaxe.fbx
  artifactKey: Guid(83cf17bfa1e64d544baea580a2c3e11f) Importer(815301076,1909f56bfc062723c751e8b465ee728b)
Start importing Assets/Mine/Models/Props/Pickaxe.fbx using Guid(83cf17bfa1e64d544baea580a2c3e11f) Importer(815301076,1909f56bfc062723c751e8b465ee728b)  -> (artifact id: '05b7e27219309d9306b0b6fc787270bd') in 0.038749 seconds 
========================================================================
Received Import Request.
  Time since last request: 0.000067 seconds.
  path: Assets/Mine/Models/Props/Support2.fbx
  artifactKey: Guid(59c7451ed4e8f9b4d873adf10daa7b2b) Importer(815301076,1909f56bfc062723c751e8b465ee728b)
Start importing Assets/Mine/Models/Props/Support2.fbx using Guid(59c7451ed4e8f9b4d873adf10daa7b2b) Importer(815301076,1909f56bfc062723c751e8b465ee728b)  -> (artifact id: 'c8b28c29c0645a689948502492774880') in 0.038398 seconds 
========================================================================
Received Import Request.
  Time since last request: 19.567808 seconds.
  path: Assets/Simple Garage/Models/Air conditioner.fbx
  artifactKey: Guid(ff9efb7f0f6706e49a111b5be7d18983) Importer(815301076,1909f56bfc062723c751e8b465ee728b)
Start importing Assets/Simple Garage/Models/Air conditioner.fbx using Guid(ff9efb7f0f6706e49a111b5be7d18983) Importer(815301076,1909f56bfc062723c751e8b465ee728b)  -> (artifact id: 'c35061b8b73a54226f25d636aa2b01e0') in 0.045968 seconds 
========================================================================
Received Import Request.
  Time since last request: 0.000044 seconds.
  path: Assets/Simple Garage/Models/Garage.fbx
  artifactKey: Guid(8f9e4da5668113a4da8b4efea4a9499f) Importer(815301076,1909f56bfc062723c751e8b465ee728b)
Start importing Assets/Simple Garage/Models/Garage.fbx using Guid(8f9e4da5668113a4da8b4efea4a9499f) Importer(815301076,1909f56bfc062723c751e8b465ee728b)  -> (artifact id: '01ab331f8a1f3b21f280128b390d9341') in 0.953766 seconds 
========================================================================
Received Import Request.
  Time since last request: 135.654379 seconds.
  path: Assets/Low Poly machines/Low Poly machines
  artifactKey: Guid(c4b73a7575da43a4a820756e22f31bfa) Importer(815301076,1909f56bfc062723c751e8b465ee728b)
Start importing Assets/Low Poly machines/Low Poly machines using Guid(c4b73a7575da43a4a820756e22f31bfa) Importer(815301076,1909f56bfc062723c751e8b465ee728b)  -> (artifact id: '936b5bb87e7c99f27148a421e4f9cb10') in 0.009692 seconds 
